<?xml version="1.0" encoding="utf-8"?><testsuites name="pytest tests"><testsuite name="pytest" errors="0" failures="0" skipped="0" tests="12" time="0.552" timestamp="2026-04-26T07:34:43.179016+00:00" hostname="agent-env-0037385d-1037-40c1-959d-5cbbb461011e"><testcase classname="backend.tests.test_meal_suggestions.TestApiContract" name="test_status_code" time="0.332" /><testcase classname="backend.tests.test_meal_suggestions.TestApiContract" name="test_success_true" time="0.119" /><testcase classname="backend.tests.test_meal_suggestions.TestApiContract" name="test_categories_present" time="0.000" /><testcase classname="backend.tests.test_meal_suggestions.TestCategories" name="test_all_seven_categories_present" time="0.000" /><testcase classname="backend.tests.test_meal_suggestions.TestCategories" name="test_category_labels_correct" time="0.000" /><testcase classname="backend.tests.test_meal_suggestions.TestCategories" name="test_category_has_icon_field" time="0.000" /><testcase classname="backend.tests.test_meal_suggestions.TestCategories" name="test_category_meals_is_list" time="0.000" /><testcase classname="backend.tests.test_meal_suggestions.TestMealItems" name="test_meal_required_fields" time="0.000" /><testcase classname="backend.tests.test_meal_suggestions.TestMealItems" name="test_meal_field_types" time="0.000" /><testcase classname="backend.tests.test_meal_suggestions.TestMealItems" name="test_meals_sorted_by_count_desc" time="0.000" /><testcase classname="backend.tests.test_meal_suggestions.TestMealItems" name="test_at_least_one_category_has_meals" time="0.000" /><testcase classname="backend.tests.test_meal_suggestions.TestMethodHandling" name="test_post_not_allowed" time="0.003" /></testsuite></testsuites>